[1114/002629.666:WARNING:dns_config_service_win.cc(583)] Failed to read DnsConfig.
[1114/003602.689:WARNING:dns_config_service_win.cc(583)] Failed to read DnsConfig.
[1114/003607.925:WARNING:dns_config_service_win.cc(583)] Failed to read DnsConfig.
[1114/003617.974:WARNING:dns_config_service_win.cc(583)] Failed to read DnsConfig.
[1114/003638.009:WARNING:dns_config_service_win.cc(583)] Failed to read DnsConfig.
[1114/004637.300:WARNING:dns_config_service_win.cc(583)] Failed to read DnsConfig.
[1114/004642.320:WARNING:dns_config_service_win.cc(583)] Failed to read DnsConfig.
[1114/004652.388:WARNING:dns_config_service_win.cc(583)] Failed to read DnsConfig.
[1114/004712.418:WARNING:dns_config_service_win.cc(583)] Failed to read DnsConfig.
[1114/004816.984:WARNING:dns_config_service_win.cc(583)] Failed to read DnsConfig.
[1114/004817.492:WARNING:dns_config_service_win.cc(583)] Failed to read DnsConfig.
[1114/005600.612:WARNING:dns_config_service_win.cc(583)] Failed to read DnsConfig.
[1114/010244.798:WARNING:dns_config_service_win.cc(583)] Failed to read DnsConfig.
[1114/010249.844:WARNING:dns_config_service_win.cc(583)] Failed to read DnsConfig.
[1114/010259.868:WARNING:dns_config_service_win.cc(583)] Failed to read DnsConfig.
[1114/010319.909:WARNING:dns_config_service_win.cc(583)] Failed to read DnsConfig.
[1114/010502.119:WARNING:dns_config_service_win.cc(583)] Failed to read DnsConfig.
[1114/011550.784:WARNING:dns_config_service_win.cc(583)] Failed to read DnsConfig.
[1114/011555.818:WARNING:dns_config_service_win.cc(583)] Failed to read DnsConfig.
[1114/011605.840:WARNING:dns_config_service_win.cc(583)] Failed to read DnsConfig.
[1114/011625.889:WARNING:dns_config_service_win.cc(583)] Failed to read DnsConfig.
[1114/224721.783:ERROR:backend_impl.cc(984)] Critical error found -8
[1114/224721.787:ERROR:entry_impl.cc(1023)] No file for c1030344
[1114/224721.787:WARNING:storage_block-inl.h(142)] Failed data load.
[1114/224721.787:WARNING:storage_block-inl.h(142)] Failed data load.
[1114/224721.787:WARNING:storage_block-inl.h(142)] Failed data load.
[1114/224721.787:WARNING:storage_block-inl.h(142)] Failed data load.
[1114/224721.787:ERROR:entry_impl.cc(1023)] No file for c1030350
[1114/224721.805:WARNING:storage_block-inl.h(142)] Failed data load.
[1114/224721.805:WARNING:storage_block-inl.h(142)] Failed data load.
[1114/224721.805:WARNING:storage_block-inl.h(142)] Failed data load.
[1114/224721.805:WARNING:storage_block-inl.h(142)] Failed data load.
[1114/224721.805:ERROR:entry_impl.cc(1023)] No file for c1030346
[1114/224721.805:WARNING:storage_block-inl.h(142)] Failed data load.
[1114/224721.805:WARNING:storage_block-inl.h(142)] Failed data load.
[1114/224721.808:WARNING:storage_block-inl.h(142)] Failed data load.
[1114/224721.808:WARNING:storage_block-inl.h(142)] Failed data load.
[1114/224721.808:ERROR:entry_impl.cc(1023)] No file for c1030352
[1114/224721.836:WARNING:storage_block-inl.h(142)] Failed data load.
[1114/224721.837:WARNING:storage_block-inl.h(142)] Failed data load.
[1114/224721.838:WARNING:storage_block-inl.h(142)] Failed data load.
[1114/224721.839:WARNING:storage_block-inl.h(142)] Failed data load.
[1114/235025.971:WARNING:backend_impl.cc(1759)] Destroying invalid entry.
[1114/235025.973:WARNING:backend_impl.cc(1759)] Destroying invalid entry.
